<?xml version="1.0" encoding="UTF-8"?>
<testsuite xmlns:xsi="http://www.w3.org/2001/XMLSchema-instance" xsi:noNamespaceSchemaLocation="https://maven.apache.org/surefire/maven-surefire-plugin/xsd/surefire-test-report.xsd" name="com.mashibing.AppTest" time="0.036" tests="1" errors="0" skipped="0" failures="0">
  <properties>
    <property name="gopherProxySet" value="false"/>
    <property name="awt.toolkit" value="sun.lwawt.macosx.LWCToolkit"/>
    <property name="file.encoding.pkg" value="sun.io"/>
    <property name="java.specification.version" value="1.8"/>
    <property name="sun.cpu.isalist" value=""/>
    <property name="sun.jnu.encoding" value="UTF-8"/>
    <property name="java.class.path" value="/Volumes/Work/WorkSpace/online-taxi-public/service-verificationcode/target/test-classes:/Volumes/Work/WorkSpace/online-taxi-public/service-verificationcode/target/classes:/Users/jiangpengpeng/plugins/apache-maven-3.9.5/repository/org/springframework/boot/spring-boot-starter-web/2.4.13/spring-boot-starter-web-2.4.13.jar:/Users/jiangpengpeng/plugins/apache-maven-3.9.5/repository/org/springframework/boot/spring-boot-starter/2.4.13/spring-boot-starter-2.4.13.jar:/Users/jiangpengpeng/plugins/apache-maven-3.9.5/repository/org/springframework/boot/spring-boot/2.4.13/spring-boot-2.4.13.jar:/Users/jiangpengpeng/plugins/apache-maven-3.9.5/repository/org/springframework/boot/spring-boot-autoconfigure/2.4.13/spring-boot-autoconfigure-2.4.13.jar:/Users/jiangpengpeng/plugins/apache-maven-3.9.5/repository/org/springframework/boot/spring-boot-starter-logging/2.4.13/spring-boot-starter-logging-2.4.13.jar:/Users/jiangpengpeng/plugins/apache-maven-3.9.5/repository/ch/qos/logback/logback-classic/1.2.7/logback-classic-1.2.7.jar:/Users/jiangpengpeng/plugins/apache-maven-3.9.5/repository/ch/qos/logback/logback-core/1.2.7/logback-core-1.2.7.jar:/Users/jiangpengpeng/plugins/apache-maven-3.9.5/repository/org/apache/logging/log4j/log4j-to-slf4j/2.13.3/log4j-to-slf4j-2.13.3.jar:/Users/jiangpengpeng/plugins/apache-maven-3.9.5/repository/org/apache/logging/log4j/log4j-api/2.13.3/log4j-api-2.13.3.jar:/Users/jiangpengpeng/plugins/apache-maven-3.9.5/repository/org/slf4j/jul-to-slf4j/1.7.32/jul-to-slf4j-1.7.32.jar:/Users/jiangpengpeng/plugins/apache-maven-3.9.5/repository/jakarta/annotation/jakarta.annotation-api/1.3.5/jakarta.annotation-api-1.3.5.jar:/Users/jiangpengpeng/plugins/apache-maven-3.9.5/repository/org/yaml/snakeyaml/1.27/snakeyaml-1.27.jar:/Users/jiangpengpeng/plugins/apache-maven-3.9.5/repository/org/springframework/boot/spring-boot-starter-json/2.4.13/spring-boot-starter-json-2.4.13.jar:/Users/jiangpengpeng/plugins/apache-maven-3.9.5/repository/com/fasterxml/jackson/core/jackson-databind/2.11.4/jackson-databind-2.11.4.jar:/Users/jiangpengpeng/plugins/apache-maven-3.9.5/repository/com/fasterxml/jackson/core/jackson-annotations/2.11.4/jackson-annotations-2.11.4.jar:/Users/jiangpengpeng/plugins/apache-maven-3.9.5/repository/com/fasterxml/jackson/datatype/jackson-datatype-jdk8/2.11.4/jackson-datatype-jdk8-2.11.4.jar:/Users/jiangpengpeng/plugins/apache-maven-3.9.5/repository/com/fasterxml/jackson/datatype/jackson-datatype-jsr310/2.11.4/jackson-datatype-jsr310-2.11.4.jar:/Users/jiangpengpeng/plugins/apache-maven-3.9.5/repository/com/fasterxml/jackson/module/jackson-module-parameter-names/2.11.4/jackson-module-parameter-names-2.11.4.jar:/Users/jiangpengpeng/plugins/apache-maven-3.9.5/repository/org/springframework/boot/spring-boot-starter-tomcat/2.4.13/spring-boot-starter-tomcat-2.4.13.jar:/Users/jiangpengpeng/plugins/apache-maven-3.9.5/repository/org/apache/tomcat/embed/tomcat-embed-core/9.0.55/tomcat-embed-core-9.0.55.jar:/Users/jiangpengpeng/plugins/apache-maven-3.9.5/repository/org/glassfish/jakarta.el/3.0.4/jakarta.el-3.0.4.jar:/Users/jiangpengpeng/plugins/apache-maven-3.9.5/repository/org/apache/tomcat/embed/tomcat-embed-websocket/9.0.55/tomcat-embed-websocket-9.0.55.jar:/Users/jiangpengpeng/plugins/apache-maven-3.9.5/repository/org/springframework/spring-web/5.3.13/spring-web-5.3.13.jar:/Users/jiangpengpeng/plugins/apache-maven-3.9.5/repository/org/springframework/spring-beans/5.3.13/spring-beans-5.3.13.jar:/Users/jiangpengpeng/plugins/apache-maven-3.9.5/repository/org/springframework/spring-webmvc/5.3.13/spring-webmvc-5.3.13.jar:/Users/jiangpengpeng/plugins/apache-maven-3.9.5/repository/org/springframework/spring-aop/5.3.13/spring-aop-5.3.13.jar:/Users/jiangpengpeng/plugins/apache-maven-3.9.5/repository/org/springframework/spring-context/5.3.13/spring-context-5.3.13.jar:/Users/jiangpengpeng/plugins/apache-maven-3.9.5/repository/org/springframework/spring-expression/5.3.13/spring-expression-5.3.13.jar:/Users/jiangpengpeng/plugins/apache-maven-3.9.5/repository/org/springframework/boot/spring-boot-starter-test/2.4.13/spring-boot-starter-test-2.4.13.jar:/Users/jiangpengpeng/plugins/apache-maven-3.9.5/repository/org/springframework/boot/spring-boot-test/2.4.13/spring-boot-test-2.4.13.jar:/Users/jiangpengpeng/plugins/apache-maven-3.9.5/repository/org/springframework/boot/spring-boot-test-autoconfigure/2.4.13/spring-boot-test-autoconfigure-2.4.13.jar:/Users/jiangpengpeng/plugins/apache-maven-3.9.5/repository/com/jayway/jsonpath/json-path/2.4.0/json-path-2.4.0.jar:/Users/jiangpengpeng/plugins/apache-maven-3.9.5/repository/net/minidev/json-smart/2.3.1/json-smart-2.3.1.jar:/Users/jiangpengpeng/plugins/apache-maven-3.9.5/repository/net/minidev/accessors-smart/2.3.1/accessors-smart-2.3.1.jar:/Users/jiangpengpeng/plugins/apache-maven-3.9.5/repository/org/ow2/asm/asm/5.0.4/asm-5.0.4.jar:/Users/jiangpengpeng/plugins/apache-maven-3.9.5/repository/org/slf4j/slf4j-api/1.7.32/slf4j-api-1.7.32.jar:/Users/jiangpengpeng/plugins/apache-maven-3.9.5/repository/jakarta/xml/bind/jakarta.xml.bind-api/2.3.3/jakarta.xml.bind-api-2.3.3.jar:/Users/jiangpengpeng/plugins/apache-maven-3.9.5/repository/jakarta/activation/jakarta.activation-api/1.2.2/jakarta.activation-api-1.2.2.jar:/Users/jiangpengpeng/plugins/apache-maven-3.9.5/repository/org/assertj/assertj-core/3.18.1/assertj-core-3.18.1.jar:/Users/jiangpengpeng/plugins/apache-maven-3.9.5/repository/org/hamcrest/hamcrest/2.2/hamcrest-2.2.jar:/Users/jiangpengpeng/plugins/apache-maven-3.9.5/repository/org/junit/jupiter/junit-jupiter/5.7.2/junit-jupiter-5.7.2.jar:/Users/jiangpengpeng/plugins/apache-maven-3.9.5/repository/org/junit/jupiter/junit-jupiter-api/5.7.2/junit-jupiter-api-5.7.2.jar:/Users/jiangpengpeng/plugins/apache-maven-3.9.5/repository/org/apiguardian/apiguardian-api/1.1.0/apiguardian-api-1.1.0.jar:/Users/jiangpengpeng/plugins/apache-maven-3.9.5/repository/org/opentest4j/opentest4j/1.2.0/opentest4j-1.2.0.jar:/Users/jiangpengpeng/plugins/apache-maven-3.9.5/repository/org/junit/platform/junit-platform-commons/1.7.2/junit-platform-commons-1.7.2.jar:/Users/jiangpengpeng/plugins/apache-maven-3.9.5/repository/org/junit/jupiter/junit-jupiter-params/5.7.2/junit-jupiter-params-5.7.2.jar:/Users/jiangpengpeng/plugins/apache-maven-3.9.5/repository/org/junit/jupiter/junit-jupiter-engine/5.7.2/junit-jupiter-engine-5.7.2.jar:/Users/jiangpengpeng/plugins/apache-maven-3.9.5/repository/org/junit/platform/junit-platform-engine/1.7.2/junit-platform-engine-1.7.2.jar:/Users/jiangpengpeng/plugins/apache-maven-3.9.5/repository/org/mockito/mockito-core/3.6.28/mockito-core-3.6.28.jar:/Users/jiangpengpeng/plugins/apache-maven-3.9.5/repository/net/bytebuddy/byte-buddy/1.10.22/byte-buddy-1.10.22.jar:/Users/jiangpengpeng/plugins/apache-maven-3.9.5/repository/net/bytebuddy/byte-buddy-agent/1.10.22/byte-buddy-agent-1.10.22.jar:/Users/jiangpengpeng/plugins/apache-maven-3.9.5/repository/org/objenesis/objenesis/3.1/objenesis-3.1.jar:/Users/jiangpengpeng/plugins/apache-maven-3.9.5/repository/org/mockito/mockito-junit-jupiter/3.6.28/mockito-junit-jupiter-3.6.28.jar:/Users/jiangpengpeng/plugins/apache-maven-3.9.5/repository/org/skyscreamer/jsonassert/1.5.0/jsonassert-1.5.0.jar:/Users/jiangpengpeng/plugins/apache-maven-3.9.5/repository/com/vaadin/external/google/android-json/0.0.20131108.vaadin1/android-json-0.0.20131108.vaadin1.jar:/Users/jiangpengpeng/plugins/apache-maven-3.9.5/repository/org/springframework/spring-core/5.3.13/spring-core-5.3.13.jar:/Users/jiangpengpeng/plugins/apache-maven-3.9.5/repository/org/springframework/spring-jcl/5.3.13/spring-jcl-5.3.13.jar:/Users/jiangpengpeng/plugins/apache-maven-3.9.5/repository/org/springframework/spring-test/5.3.13/spring-test-5.3.13.jar:/Users/jiangpengpeng/plugins/apache-maven-3.9.5/repository/org/xmlunit/xmlunit-core/2.7.0/xmlunit-core-2.7.0.jar:/Users/jiangpengpeng/plugins/apache-maven-3.9.5/repository/com/alibaba/cloud/spring-cloud-starter-alibaba-nacos-discovery/2021.1/spring-cloud-starter-alibaba-nacos-discovery-2021.1.jar:/Users/jiangpengpeng/plugins/apache-maven-3.9.5/repository/com/alibaba/cloud/spring-cloud-alibaba-commons/2021.1/spring-cloud-alibaba-commons-2021.1.jar:/Users/jiangpengpeng/plugins/apache-maven-3.9.5/repository/com/alibaba/nacos/nacos-client/1.4.1/nacos-client-1.4.1.jar:/Users/jiangpengpeng/plugins/apache-maven-3.9.5/repository/com/alibaba/nacos/nacos-common/1.4.1/nacos-common-1.4.1.jar:/Users/jiangpengpeng/plugins/apache-maven-3.9.5/repository/commons-io/commons-io/2.2/commons-io-2.2.jar:/Users/jiangpengpeng/plugins/apache-maven-3.9.5/repository/org/apache/httpcomponents/httpasyncclient/4.1.4/httpasyncclient-4.1.4.jar:/Users/jiangpengpeng/plugins/apache-maven-3.9.5/repository/org/apache/httpcomponents/httpcore/4.4.14/httpcore-4.4.14.jar:/Users/jiangpengpeng/plugins/apache-maven-3.9.5/repository/org/apache/httpcomponents/httpcore-nio/4.4.14/httpcore-nio-4.4.14.jar:/Users/jiangpengpeng/plugins/apache-maven-3.9.5/repository/org/apache/httpcomponents/httpclient/4.5.13/httpclient-4.5.13.jar:/Users/jiangpengpeng/plugins/apache-maven-3.9.5/repository/com/alibaba/nacos/nacos-api/1.4.1/nacos-api-1.4.1.jar:/Users/jiangpengpeng/plugins/apache-maven-3.9.5/repository/com/google/guava/guava/24.1.1-jre/guava-24.1.1-jre.jar:/Users/jiangpengpeng/plugins/apache-maven-3.9.5/repository/com/google/code/findbugs/jsr305/1.3.9/jsr305-1.3.9.jar:/Users/jiangpengpeng/plugins/apache-maven-3.9.5/repository/org/checkerframework/checker-compat-qual/2.0.0/checker-compat-qual-2.0.0.jar:/Users/jiangpengpeng/plugins/apache-maven-3.9.5/repository/com/google/errorprone/error_prone_annotations/2.1.3/error_prone_annotations-2.1.3.jar:/Users/jiangpengpeng/plugins/apache-maven-3.9.5/repository/com/google/j2objc/j2objc-annotations/1.1/j2objc-annotations-1.1.jar:/Users/jiangpengpeng/plugins/apache-maven-3.9.5/repository/org/codehaus/mojo/animal-sniffer-annotations/1.14/animal-sniffer-annotations-1.14.jar:/Users/jiangpengpeng/plugins/apache-maven-3.9.5/repository/commons-codec/commons-codec/1.15/commons-codec-1.15.jar:/Users/jiangpengpeng/plugins/apache-maven-3.9.5/repository/com/fasterxml/jackson/core/jackson-core/2.11.4/jackson-core-2.11.4.jar:/Users/jiangpengpeng/plugins/apache-maven-3.9.5/repository/io/prometheus/simpleclient/0.5.0/simpleclient-0.5.0.jar:/Users/jiangpengpeng/plugins/apache-maven-3.9.5/repository/com/alibaba/spring/spring-context-support/1.0.10/spring-context-support-1.0.10.jar:/Users/jiangpengpeng/plugins/apache-maven-3.9.5/repository/org/springframework/cloud/spring-cloud-commons/3.0.1/spring-cloud-commons-3.0.1.jar:/Users/jiangpengpeng/plugins/apache-maven-3.9.5/repository/org/springframework/security/spring-security-crypto/5.4.9/spring-security-crypto-5.4.9.jar:/Users/jiangpengpeng/plugins/apache-maven-3.9.5/repository/org/springframework/cloud/spring-cloud-context/3.0.1/spring-cloud-context-3.0.1.jar:/Users/jiangpengpeng/plugins/apache-maven-3.9.5/repository/com/alibaba/fastjson/2.0.20/fastjson-2.0.20.jar:/Users/jiangpengpeng/plugins/apache-maven-3.9.5/repository/com/alibaba/fastjson2/fastjson2-extension/2.0.20/fastjson2-extension-2.0.20.jar:/Users/jiangpengpeng/plugins/apache-maven-3.9.5/repository/com/alibaba/fastjson2/fastjson2/2.0.20/fastjson2-2.0.20.jar:/Users/jiangpengpeng/plugins/apache-maven-3.9.5/repository/org/projectlombok/lombok/1.18.24/lombok-1.18.24.jar:"/>
    <property name="java.vm.vendor" value="Oracle Corporation"/>
    <property name="sun.arch.data.model" value="64"/>
    <property name="java.vendor.url" value="http://java.oracle.com/"/>
    <property name="user.timezone" value=""/>
    <property name="java.vm.specification.version" value="1.8"/>
    <property name="os.name" value="Mac OS X"/>
    <property name="user.country" value="CN"/>
    <property name="sun.java.launcher" value="SUN_STANDARD"/>
    <property name="sun.boot.library.path" value="/Library/Java/JavaVirtualMachines/jdk1.8.0_202.jdk/Contents/Home/jre/lib"/>
    <property name="sun.java.command" value="/Volumes/Work/WorkSpace/online-taxi-public/service-verificationcode/target/surefire/surefirebooter8542560189476334613.jar /Volumes/Work/WorkSpace/online-taxi-public/service-verificationcode/target/surefire 2025-05-06T00-29-10_001-jvmRun1 surefire2811048896642851215tmp surefire_01742881215601817311tmp"/>
    <property name="http.nonProxyHosts" value="local|*.local|169.254/16|*.169.254/16"/>
    <property name="surefire.test.class.path" value="/Volumes/Work/WorkSpace/online-taxi-public/service-verificationcode/target/test-classes:/Volumes/Work/WorkSpace/online-taxi-public/service-verificationcode/target/classes:/Users/jiangpengpeng/plugins/apache-maven-3.9.5/repository/org/springframework/boot/spring-boot-starter-web/2.4.13/spring-boot-starter-web-2.4.13.jar:/Users/jiangpengpeng/plugins/apache-maven-3.9.5/repository/org/springframework/boot/spring-boot-starter/2.4.13/spring-boot-starter-2.4.13.jar:/Users/jiangpengpeng/plugins/apache-maven-3.9.5/repository/org/springframework/boot/spring-boot/2.4.13/spring-boot-2.4.13.jar:/Users/jiangpengpeng/plugins/apache-maven-3.9.5/repository/org/springframework/boot/spring-boot-autoconfigure/2.4.13/spring-boot-autoconfigure-2.4.13.jar:/Users/jiangpengpeng/plugins/apache-maven-3.9.5/repository/org/springframework/boot/spring-boot-starter-logging/2.4.13/spring-boot-starter-logging-2.4.13.jar:/Users/jiangpengpeng/plugins/apache-maven-3.9.5/repository/ch/qos/logback/logback-classic/1.2.7/logback-classic-1.2.7.jar:/Users/jiangpengpeng/plugins/apache-maven-3.9.5/repository/ch/qos/logback/logback-core/1.2.7/logback-core-1.2.7.jar:/Users/jiangpengpeng/plugins/apache-maven-3.9.5/repository/org/apache/logging/log4j/log4j-to-slf4j/2.13.3/log4j-to-slf4j-2.13.3.jar:/Users/jiangpengpeng/plugins/apache-maven-3.9.5/repository/org/apache/logging/log4j/log4j-api/2.13.3/log4j-api-2.13.3.jar:/Users/jiangpengpeng/plugins/apache-maven-3.9.5/repository/org/slf4j/jul-to-slf4j/1.7.32/jul-to-slf4j-1.7.32.jar:/Users/jiangpengpeng/plugins/apache-maven-3.9.5/repository/jakarta/annotation/jakarta.annotation-api/1.3.5/jakarta.annotation-api-1.3.5.jar:/Users/jiangpengpeng/plugins/apache-maven-3.9.5/repository/org/yaml/snakeyaml/1.27/snakeyaml-1.27.jar:/Users/jiangpengpeng/plugins/apache-maven-3.9.5/repository/org/springframework/boot/spring-boot-starter-json/2.4.13/spring-boot-starter-json-2.4.13.jar:/Users/jiangpengpeng/plugins/apache-maven-3.9.5/repository/com/fasterxml/jackson/core/jackson-databind/2.11.4/jackson-databind-2.11.4.jar:/Users/jiangpengpeng/plugins/apache-maven-3.9.5/repository/com/fasterxml/jackson/core/jackson-annotations/2.11.4/jackson-annotations-2.11.4.jar:/Users/jiangpengpeng/plugins/apache-maven-3.9.5/repository/com/fasterxml/jackson/datatype/jackson-datatype-jdk8/2.11.4/jackson-datatype-jdk8-2.11.4.jar:/Users/jiangpengpeng/plugins/apache-maven-3.9.5/repository/com/fasterxml/jackson/datatype/jackson-datatype-jsr310/2.11.4/jackson-datatype-jsr310-2.11.4.jar:/Users/jiangpengpeng/plugins/apache-maven-3.9.5/repository/com/fasterxml/jackson/module/jackson-module-parameter-names/2.11.4/jackson-module-parameter-names-2.11.4.jar:/Users/jiangpengpeng/plugins/apache-maven-3.9.5/repository/org/springframework/boot/spring-boot-starter-tomcat/2.4.13/spring-boot-starter-tomcat-2.4.13.jar:/Users/jiangpengpeng/plugins/apache-maven-3.9.5/repository/org/apache/tomcat/embed/tomcat-embed-core/9.0.55/tomcat-embed-core-9.0.55.jar:/Users/jiangpengpeng/plugins/apache-maven-3.9.5/repository/org/glassfish/jakarta.el/3.0.4/jakarta.el-3.0.4.jar:/Users/jiangpengpeng/plugins/apache-maven-3.9.5/repository/org/apache/tomcat/embed/tomcat-embed-websocket/9.0.55/tomcat-embed-websocket-9.0.55.jar:/Users/jiangpengpeng/plugins/apache-maven-3.9.5/repository/org/springframework/spring-web/5.3.13/spring-web-5.3.13.jar:/Users/jiangpengpeng/plugins/apache-maven-3.9.5/repository/org/springframework/spring-beans/5.3.13/spring-beans-5.3.13.jar:/Users/jiangpengpeng/plugins/apache-maven-3.9.5/repository/org/springframework/spring-webmvc/5.3.13/spring-webmvc-5.3.13.jar:/Users/jiangpengpeng/plugins/apache-maven-3.9.5/repository/org/springframework/spring-aop/5.3.13/spring-aop-5.3.13.jar:/Users/jiangpengpeng/plugins/apache-maven-3.9.5/repository/org/springframework/spring-context/5.3.13/spring-context-5.3.13.jar:/Users/jiangpengpeng/plugins/apache-maven-3.9.5/repository/org/springframework/spring-expression/5.3.13/spring-expression-5.3.13.jar:/Users/jiangpengpeng/plugins/apache-maven-3.9.5/repository/org/springframework/boot/spring-boot-starter-test/2.4.13/spring-boot-starter-test-2.4.13.jar:/Users/jiangpengpeng/plugins/apache-maven-3.9.5/repository/org/springframework/boot/spring-boot-test/2.4.13/spring-boot-test-2.4.13.jar:/Users/jiangpengpeng/plugins/apache-maven-3.9.5/repository/org/springframework/boot/spring-boot-test-autoconfigure/2.4.13/spring-boot-test-autoconfigure-2.4.13.jar:/Users/jiangpengpeng/plugins/apache-maven-3.9.5/repository/com/jayway/jsonpath/json-path/2.4.0/json-path-2.4.0.jar:/Users/jiangpengpeng/plugins/apache-maven-3.9.5/repository/net/minidev/json-smart/2.3.1/json-smart-2.3.1.jar:/Users/jiangpengpeng/plugins/apache-maven-3.9.5/repository/net/minidev/accessors-smart/2.3.1/accessors-smart-2.3.1.jar:/Users/jiangpengpeng/plugins/apache-maven-3.9.5/repository/org/ow2/asm/asm/5.0.4/asm-5.0.4.jar:/Users/jiangpengpeng/plugins/apache-maven-3.9.5/repository/org/slf4j/slf4j-api/1.7.32/slf4j-api-1.7.32.jar:/Users/jiangpengpeng/plugins/apache-maven-3.9.5/repository/jakarta/xml/bind/jakarta.xml.bind-api/2.3.3/jakarta.xml.bind-api-2.3.3.jar:/Users/jiangpengpeng/plugins/apache-maven-3.9.5/repository/jakarta/activation/jakarta.activation-api/1.2.2/jakarta.activation-api-1.2.2.jar:/Users/jiangpengpeng/plugins/apache-maven-3.9.5/repository/org/assertj/assertj-core/3.18.1/assertj-core-3.18.1.jar:/Users/jiangpengpeng/plugins/apache-maven-3.9.5/repository/org/hamcrest/hamcrest/2.2/hamcrest-2.2.jar:/Users/jiangpengpeng/plugins/apache-maven-3.9.5/repository/org/junit/jupiter/junit-jupiter/5.7.2/junit-jupiter-5.7.2.jar:/Users/jiangpengpeng/plugins/apache-maven-3.9.5/repository/org/junit/jupiter/junit-jupiter-api/5.7.2/junit-jupiter-api-5.7.2.jar:/Users/jiangpengpeng/plugins/apache-maven-3.9.5/repository/org/apiguardian/apiguardian-api/1.1.0/apiguardian-api-1.1.0.jar:/Users/jiangpengpeng/plugins/apache-maven-3.9.5/repository/org/opentest4j/opentest4j/1.2.0/opentest4j-1.2.0.jar:/Users/jiangpengpeng/plugins/apache-maven-3.9.5/repository/org/junit/platform/junit-platform-commons/1.7.2/junit-platform-commons-1.7.2.jar:/Users/jiangpengpeng/plugins/apache-maven-3.9.5/repository/org/junit/jupiter/junit-jupiter-params/5.7.2/junit-jupiter-params-5.7.2.jar:/Users/jiangpengpeng/plugins/apache-maven-3.9.5/repository/org/junit/jupiter/junit-jupiter-engine/5.7.2/junit-jupiter-engine-5.7.2.jar:/Users/jiangpengpeng/plugins/apache-maven-3.9.5/repository/org/junit/platform/junit-platform-engine/1.7.2/junit-platform-engine-1.7.2.jar:/Users/jiangpengpeng/plugins/apache-maven-3.9.5/repository/org/mockito/mockito-core/3.6.28/mockito-core-3.6.28.jar:/Users/jiangpengpeng/plugins/apache-maven-3.9.5/repository/net/bytebuddy/byte-buddy/1.10.22/byte-buddy-1.10.22.jar:/Users/jiangpengpeng/plugins/apache-maven-3.9.5/repository/net/bytebuddy/byte-buddy-agent/1.10.22/byte-buddy-agent-1.10.22.jar:/Users/jiangpengpeng/plugins/apache-maven-3.9.5/repository/org/objenesis/objenesis/3.1/objenesis-3.1.jar:/Users/jiangpengpeng/plugins/apache-maven-3.9.5/repository/org/mockito/mockito-junit-jupiter/3.6.28/mockito-junit-jupiter-3.6.28.jar:/Users/jiangpengpeng/plugins/apache-maven-3.9.5/repository/org/skyscreamer/jsonassert/1.5.0/jsonassert-1.5.0.jar:/Users/jiangpengpeng/plugins/apache-maven-3.9.5/repository/com/vaadin/external/google/android-json/0.0.20131108.vaadin1/android-json-0.0.20131108.vaadin1.jar:/Users/jiangpengpeng/plugins/apache-maven-3.9.5/repository/org/springframework/spring-core/5.3.13/spring-core-5.3.13.jar:/Users/jiangpengpeng/plugins/apache-maven-3.9.5/repository/org/springframework/spring-jcl/5.3.13/spring-jcl-5.3.13.jar:/Users/jiangpengpeng/plugins/apache-maven-3.9.5/repository/org/springframework/spring-test/5.3.13/spring-test-5.3.13.jar:/Users/jiangpengpeng/plugins/apache-maven-3.9.5/repository/org/xmlunit/xmlunit-core/2.7.0/xmlunit-core-2.7.0.jar:/Users/jiangpengpeng/plugins/apache-maven-3.9.5/repository/com/alibaba/cloud/spring-cloud-starter-alibaba-nacos-discovery/2021.1/spring-cloud-starter-alibaba-nacos-discovery-2021.1.jar:/Users/jiangpengpeng/plugins/apache-maven-3.9.5/repository/com/alibaba/cloud/spring-cloud-alibaba-commons/2021.1/spring-cloud-alibaba-commons-2021.1.jar:/Users/jiangpengpeng/plugins/apache-maven-3.9.5/repository/com/alibaba/nacos/nacos-client/1.4.1/nacos-client-1.4.1.jar:/Users/jiangpengpeng/plugins/apache-maven-3.9.5/repository/com/alibaba/nacos/nacos-common/1.4.1/nacos-common-1.4.1.jar:/Users/jiangpengpeng/plugins/apache-maven-3.9.5/repository/commons-io/commons-io/2.2/commons-io-2.2.jar:/Users/jiangpengpeng/plugins/apache-maven-3.9.5/repository/org/apache/httpcomponents/httpasyncclient/4.1.4/httpasyncclient-4.1.4.jar:/Users/jiangpengpeng/plugins/apache-maven-3.9.5/repository/org/apache/httpcomponents/httpcore/4.4.14/httpcore-4.4.14.jar:/Users/jiangpengpeng/plugins/apache-maven-3.9.5/repository/org/apache/httpcomponents/httpcore-nio/4.4.14/httpcore-nio-4.4.14.jar:/Users/jiangpengpeng/plugins/apache-maven-3.9.5/repository/org/apache/httpcomponents/httpclient/4.5.13/httpclient-4.5.13.jar:/Users/jiangpengpeng/plugins/apache-maven-3.9.5/repository/com/alibaba/nacos/nacos-api/1.4.1/nacos-api-1.4.1.jar:/Users/jiangpengpeng/plugins/apache-maven-3.9.5/repository/com/google/guava/guava/24.1.1-jre/guava-24.1.1-jre.jar:/Users/jiangpengpeng/plugins/apache-maven-3.9.5/repository/com/google/code/findbugs/jsr305/1.3.9/jsr305-1.3.9.jar:/Users/jiangpengpeng/plugins/apache-maven-3.9.5/repository/org/checkerframework/checker-compat-qual/2.0.0/checker-compat-qual-2.0.0.jar:/Users/jiangpengpeng/plugins/apache-maven-3.9.5/repository/com/google/errorprone/error_prone_annotations/2.1.3/error_prone_annotations-2.1.3.jar:/Users/jiangpengpeng/plugins/apache-maven-3.9.5/repository/com/google/j2objc/j2objc-annotations/1.1/j2objc-annotations-1.1.jar:/Users/jiangpengpeng/plugins/apache-maven-3.9.5/repository/org/codehaus/mojo/animal-sniffer-annotations/1.14/animal-sniffer-annotations-1.14.jar:/Users/jiangpengpeng/plugins/apache-maven-3.9.5/repository/commons-codec/commons-codec/1.15/commons-codec-1.15.jar:/Users/jiangpengpeng/plugins/apache-maven-3.9.5/repository/com/fasterxml/jackson/core/jackson-core/2.11.4/jackson-core-2.11.4.jar:/Users/jiangpengpeng/plugins/apache-maven-3.9.5/repository/io/prometheus/simpleclient/0.5.0/simpleclient-0.5.0.jar:/Users/jiangpengpeng/plugins/apache-maven-3.9.5/repository/com/alibaba/spring/spring-context-support/1.0.10/spring-context-support-1.0.10.jar:/Users/jiangpengpeng/plugins/apache-maven-3.9.5/repository/org/springframework/cloud/spring-cloud-commons/3.0.1/spring-cloud-commons-3.0.1.jar:/Users/jiangpengpeng/plugins/apache-maven-3.9.5/repository/org/springframework/security/spring-security-crypto/5.4.9/spring-security-crypto-5.4.9.jar:/Users/jiangpengpeng/plugins/apache-maven-3.9.5/repository/org/springframework/cloud/spring-cloud-context/3.0.1/spring-cloud-context-3.0.1.jar:/Users/jiangpengpeng/plugins/apache-maven-3.9.5/repository/com/alibaba/fastjson/2.0.20/fastjson-2.0.20.jar:/Users/jiangpengpeng/plugins/apache-maven-3.9.5/repository/com/alibaba/fastjson2/fastjson2-extension/2.0.20/fastjson2-extension-2.0.20.jar:/Users/jiangpengpeng/plugins/apache-maven-3.9.5/repository/com/alibaba/fastjson2/fastjson2/2.0.20/fastjson2-2.0.20.jar:/Users/jiangpengpeng/plugins/apache-maven-3.9.5/repository/org/projectlombok/lombok/1.18.24/lombok-1.18.24.jar:"/>
    <property name="sun.cpu.endian" value="little"/>
    <property name="user.home" value="/Users/jiangpengpeng"/>
    <property name="user.language" value="zh"/>
    <property name="java.specification.vendor" value="Oracle Corporation"/>
    <property name="java.home" value="/Library/Java/JavaVirtualMachines/jdk1.8.0_202.jdk/Contents/Home/jre"/>
    <property name="basedir" value="/Volumes/Work/WorkSpace/online-taxi-public/service-verificationcode"/>
    <property name="file.separator" value="/"/>
    <property name="line.separator" value="&#10;"/>
    <property name="java.vm.specification.vendor" value="Oracle Corporation"/>
    <property name="java.specification.name" value="Java Platform API Specification"/>
    <property name="java.awt.graphicsenv" value="sun.awt.CGraphicsEnvironment"/>
    <property name="surefire.real.class.path" value="/Volumes/Work/WorkSpace/online-taxi-public/service-verificationcode/target/surefire/surefirebooter8542560189476334613.jar"/>
    <property name="sun.boot.class.path" value="/Library/Java/JavaVirtualMachines/jdk1.8.0_202.jdk/Contents/Home/jre/lib/resources.jar:/Library/Java/JavaVirtualMachines/jdk1.8.0_202.jdk/Contents/Home/jre/lib/rt.jar:/Library/Java/JavaVirtualMachines/jdk1.8.0_202.jdk/Contents/Home/jre/lib/sunrsasign.jar:/Library/Java/JavaVirtualMachines/jdk1.8.0_202.jdk/Contents/Home/jre/lib/jsse.jar:/Library/Java/JavaVirtualMachines/jdk1.8.0_202.jdk/Contents/Home/jre/lib/jce.jar:/Library/Java/JavaVirtualMachines/jdk1.8.0_202.jdk/Contents/Home/jre/lib/charsets.jar:/Library/Java/JavaVirtualMachines/jdk1.8.0_202.jdk/Contents/Home/jre/lib/jfr.jar:/Library/Java/JavaVirtualMachines/jdk1.8.0_202.jdk/Contents/Home/jre/classes"/>
    <property name="sun.management.compiler" value="HotSpot 64-Bit Tiered Compilers"/>
    <property name="ftp.nonProxyHosts" value="local|*.local|169.254/16|*.169.254/16"/>
    <property name="java.runtime.version" value="1.8.0_202-b08"/>
    <property name="user.name" value="jiangpengpeng"/>
    <property name="path.separator" value=":"/>
    <property name="os.version" value="10.16"/>
    <property name="java.endorsed.dirs" value="/Library/Java/JavaVirtualMachines/jdk1.8.0_202.jdk/Contents/Home/jre/lib/endorsed"/>
    <property name="java.runtime.name" value="Java(TM) SE Runtime Environment"/>
    <property name="file.encoding" value="UTF-8"/>
    <property name="java.vm.name" value="Java HotSpot(TM) 64-Bit Server VM"/>
    <property name="localRepository" value="/Users/jiangpengpeng/plugins/apache-maven-3.9.5/repository"/>
    <property name="java.vendor.url.bug" value="http://bugreport.sun.com/bugreport/"/>
    <property name="java.io.tmpdir" value="/var/folders/zj/pykfwr_d6cgbyjbtp8z0tt240000gn/T/"/>
    <property name="idea.version" value="2021.3.3"/>
    <property name="java.version" value="1.8.0_202"/>
    <property name="user.dir" value="/Volumes/Work/WorkSpace/online-taxi-public/service-verificationcode"/>
    <property name="os.arch" value="x86_64"/>
    <property name="java.vm.specification.name" value="Java Virtual Machine Specification"/>
    <property name="java.awt.printerjob" value="sun.lwawt.macosx.CPrinterJob"/>
    <property name="sun.os.patch.level" value="unknown"/>
    <property name="java.library.path" value="/Users/jiangpengpeng/Library/Java/Extensions:/Library/Java/Extensions:/Network/Library/Java/Extensions:/System/Library/Java/Extensions:/usr/lib/java:."/>
    <property name="java.vm.info" value="mixed mode"/>
    <property name="java.vendor" value="Oracle Corporation"/>
    <property name="java.vm.version" value="25.202-b08"/>
    <property name="java.ext.dirs" value="/Users/jiangpengpeng/Library/Java/Extensions:/Library/Java/JavaVirtualMachines/jdk1.8.0_202.jdk/Contents/Home/jre/lib/ext:/Library/Java/Extensions:/Network/Library/Java/Extensions:/System/Library/Java/Extensions:/usr/lib/java"/>
    <property name="sun.io.unicode.encoding" value="UnicodeBig"/>
    <property name="maven.repo.local" value="/Users/jiangpengpeng/plugins/apache-maven-3.9.5/repository"/>
    <property name="java.class.version" value="52.0"/>
    <property name="socksNonProxyHosts" value="local|*.local|169.254/16|*.169.254/16"/>
  </properties>
  <testcase name="shouldAnswerWithTrue" classname="com.mashibing.AppTest" time="0.028"/>
</testsuite>